mode: atomic
integrationtests/shark/white_shark.go:12.13,14.2 1 1
integrationtests/shark/white_shark.go:25.49,26.95 1 3
integrationtests/shark/white_shark.go:30.2,30.46 1 1
integrationtests/shark/white_shark.go:26.95,29.3 2 2
integrationtests/shark/white_shark.go:33.90,39.2 1 3
integrationtests/pkg/storage/storage.go:16.52,18.16 2 0
integrationtests/pkg/storage/storage.go:22.2,24.16 3 0
integrationtests/pkg/storage/storage.go:28.2,28.28 1 0
integrationtests/pkg/storage/storage.go:32.2,32.12 1 0
integrationtests/pkg/storage/storage.go:18.16,20.3 1 0
integrationtests/pkg/storage/storage.go:24.16,26.3 1 0
integrationtests/pkg/storage/storage.go:28.28,30.3 1 0
integrationtests/pkg/storage/storage.go:35.27,38.2 2 0
integrationtests/mocks/mockStorage.go:11.66,15.2 1 2
integrationtests/mocks/mockStorage.go:17.56,19.2 1 8
integrationtests/mocks/mockStorageTestify.go:14.36,16.2 1 1
integrationtests/mocks/mockStorageTestify.go:18.57,21.2 2 4
integrationtests/prey/tuna.go:10.35,12.2 1 3
integrationtests/prey/tuna.go:14.47,18.2 1 3
integrationtests/simulator/simulator.go:18.93,23.2 4 3
integrationtests/simulator/simulator.go:25.73,32.2 6 3
integrationtests/simulator/simulator.go:34.63,38.2 1 3
